Cannot crawl winamax: Traceback (most recent call last):
  File "C:\Users\marcd\anaconda3\envs\pythonProject\main.py", line 20, in <module>
    bookmakers['winamax'] = Winamax.get_games(competition)
  File "C:\Users\marcd\anaconda3\envs\pythonProject\Winamax.py", line 53, in get_games
    bet_id = json['matches'][game]['mainBetId']
KeyError: 'mainBetId'

Cannot crawl Parions-sport: Traceback (most recent call last):
  File "C:\Users\marcd\anaconda3\envs\pythonProject\main.py", line 25, in <module>
    bookmakers['Parions-sport'] = PS.get_games(competition)
  File "C:\Users\marcd\anaconda3\envs\pythonProject\PS.py", line 46, in get_games
    team2 = "".join(names[1].text.split())
IndexError: list index out of range

Pmu: [{'team1': 'Lorient', 'team2': 'Lens', 'odds': [4.8, 3.7, 1.72]}, {'team1': 'Marseille', 'team2': 'Lille', 'odds': [1.95, 3.5, 3.7]}, {'team1': 'Lyon', 'team2': 'Metz', 'odds': [1.6, 3.9, 5.6]}, {'team1': 'Nantes', 'team2': 'Reims', 'odds': [2.9, 3.1, 2.5]}, {'team1': 'Strasbourg', 'team2': 'Clermont', 'odds': [2.35, 3.05, 3.2]}, {'team1': 'Toulouse', 'team2': 'LeHavre', 'odds': [2.1, 3.3, 3.45]}, {'team1': 'Monaco', 'team2': 'Brest', 'odds': [1.7, 3.9, 4.6]}, {'team1': 'Nice', 'team2': 'Rennes', 'odds': [2.1, 3.35, 3.8]}, {'team1': 'Montpellier', 'team2': 'Nice', 'odds': [3.0, 3.2, 2.25]}, {'team1': 'Reims', 'team2': 'ParisSG', 'odds': [4.5, 4.0, 1.64]}, {'team1': 'LeHavre', 'team2': 'Monaco', 'odds': [4.0, 3.6, 1.78]}, {'team1': 'Brest', 'team2': 'Strasbourg', 'odds': [1.85, 3.35, 4.0]}, {'team1': 'Lille', 'team2': 'Toulouse', 'odds': [1.46, 4.2, 6.0]}, {'team1': 'Metz', 'team2': 'Nantes', 'odds': [2.75, 3.2, 2.45]}, {'team1': 'Clermont', 'team2': 'Lorient', 'odds': [2.0, 3.3, 3.5]}, {'team1': 'Rennes', 'team2': 'Lyon', 'odds': [1.68, 3.8, 4.3]}, {'team1': 'Lens', 'team2': 'Marseille', 'odds': [2.3, 3.35, 2.8]}]
Betclic: [{'team1': 'Lorient', 'team2': 'Lens', 'odds': [4.75, 3.75, 1.72]}, {'team1': 'Marseille', 'team2': 'Lille', 'odds': [2.0, 3.6, 3.6]}, {'team1': 'Lyon', 'team2': 'Metz', 'odds': [1.55, 4.1, 5.55]}, {'team1': 'Toulouse', 'team2': 'LeHavre', 'odds': [2.1, 3.28, 3.47]}, {'team1': 'Strasbourg', 'team2': 'Clermont', 'odds': [2.32, 3.22, 3.05]}, {'team1': 'Nantes', 'team2': 'Reims', 'odds': [2.8, 3.2, 2.49]}, {'team1': 'Monaco', 'team2': 'Brest', 'odds': [1.68, 4.0, 4.45]}, {'team1': 'Nice', 'team2': 'Rennes', 'odds': [2.05, 3.35, 3.52]}, {'team1': 'Montpellier', 'team2': 'Nice', 'odds': [3.05, 3.25, 2.25]}, {'team1': 'Reims', 'team2': 'ParisSG', 'odds': [4.2, 4.05, 1.68]}, {'team1': 'LeHavre', 'team2': 'Monaco', 'odds': [3.77, 3.7, 1.84]}, {'team1': 'Brest', 'team2': 'Strasbourg', 'odds': [1.93, 3.38, 3.77]}, {'team1': 'Lille', 'team2': 'Toulouse', 'odds': [1.5, 4.27, 5.6]}, {'team1': 'Clermont', 'team2': 'Lorient', 'odds': [2.07, 3.37, 3.35]}, {'team1': 'Metz', 'team2': 'Nantes', 'odds': [2.79, 3.28, 2.4]}, {'team1': 'Rennes', 'team2': 'Lyon', 'odds': [1.71, 3.92, 4.15]}, {'team1': 'Lens', 'team2': 'Marseille', 'odds': [2.31, 3.4, 2.83]}]
-- Competition: {'sport': 'football', 'competition': 'ligue1'} --
winamax: [{'team1': 'Manchester City', 'team2': 'Bournemouth', 'odds': [1.06, 12.5, 25]}, {'team1': 'Mayence', 'team2': 'RB Leipzig', 'odds': [4.9, 4.25, 1.6]}, {'team1': 'Angers', 'team2': 'Valenciennes', 'odds': [1.6, 3.65, 5.6]}, {'team1': 'Bastia', 'team2': 'Bordeaux', 'odds': [3.4, 3.3, 2.1]}, {'team1': 'Saint-Étienne', 'team2': 'Paris FC', 'odds': [1.76, 3.65, 4.3]}, {'team1': 'Guingamp', 'team2': 'Auxerre', 'odds': [3.25, 3.2, 2.15]}, {'team1': 'Troyes', 'team2': 'Caen', 'odds': [2.7, 3.3, 2.45]}, {'team1': 'Dunkerque', 'team2': 'Amiens', 'odds': [3, 3.15, 2.3]}, {'team1': 'Grenoble', 'team2': 'AC Ajaccio', 'odds': [2.3, 2.9, 3.3]}, {'team1': 'Quevilly - Rouen Métropole', 'team2': 'Rodez', 'odds': [2.3, 3.25, 2.95]}, {'team1': 'Annecy FC', 'team2': 'Laval', 'odds': [2.9, 3, 2.5]}, {'team1': None, 'team2': None, 'odds': [1.7, 7.25, 2.15]}]
Parions-sport: [{'team1': 'StEtienne', 'team2': 'ParisFC', 'odds': [1.68, 3.6, 4.2]}, {'team1': 'Grenoble', 'team2': 'ACAjaccio', 'odds': [2.1, 3.0, 3.3]}, {'team1': 'Bastia', 'team2': 'Bordeaux', 'odds': [3.5, 3.35, 1.91]}, {'team1': 'QuevillyRouen', 'team2': 'Rodez', 'odds': [2.1, 3.35, 3.05]}, {'team1': 'Angers', 'team2': 'Valenciennes', 'odds': [1.5, 3.7, 5.7]}, {'team1': 'AnnecyFC', 'team2': 'Laval', 'odds': [2.9, 3.05, 2.25]}, {'team1': 'Dunkerque', 'team2': 'Amiens', 'odds': [3.05, 3.25, 2.1]}, {'team1': 'Troyes', 'team2': 'Caen', 'odds': [2.75, 3.4, 2.2]}, {'team1': 'Guingamp', 'team2': 'Auxerre', 'odds': [3.1, 3.25, 1.99]}]
Pmu: [{'team1': 'StEtienne', 'team2': 'ParisFC', 'odds': [1.8, 3.5, 4.3]}, {'team1': 'QuevillyRouen', 'team2': 'Rodez', 'odds': [2.3, 3.25, 3.05]}, {'team1': 'Grenoble', 'team2': 'ACAjaccio', 'odds': [2.3, 2.8, 3.5]}, {'team1': 'ESTACTroyes', 'team2': 'Caen', 'odds': [2.65, 3.35, 2.5]}, {'team1': 'Dunkerque', 'team2': 'Amiens', 'odds': [2.95, 3.2, 2.35]}, {'team1': 'Annecy', 'team2': 'Laval', 'odds': [2.95, 3.05, 2.45]}, {'team1': 'Bastia', 'team2': 'Bordeaux', 'odds': [3.5, 3.35, 2.05]}, {'team1': 'Concarneau', 'team2': 'Pau', 'odds': [2.3, 3.25, 3.05]}, {'team1': 'Angers', 'team2': 'Valenciennes', 'odds': [1.6, 3.6, 5.7]}, {'team1': 'Guingamp', 'team2': 'Auxerre', 'odds': [3.15, 3.25, 2.25]}]
Betclic: [{'team1': 'Saint-Etienne', 'team2': 'ParisFC', 'odds': [1.78, 3.6, 4.17]}, {'team1': 'Angers', 'team2': 'Valenciennes', 'odds': [1.59, 3.65, 5.65]}, {'team1': 'Annecy', 'team2': 'Laval', 'odds': [2.87, 3.03, 2.49]}, {'team1': 'Grenoble', 'team2': 'Ajaccio', 'odds': [2.27, 2.98, 3.3]}, {'team1': 'Bastia', 'team2': 'Bordeaux', 'odds': [3.38, 3.3, 2.08]}, {'team1': 'Quevilly', 'team2': 'Rodez', 'odds': [2.29, 3.28, 2.95]}, {'team1': 'Troyes', 'team2': 'Caen', 'odds': [2.7, 3.35, 2.43]}, {'team1': 'Dunkerque', 'team2': 'Amiens', 'odds': [2.99, 3.2, 2.31]}, {'team1': 'Guingamp', 'team2': 'Auxerre', 'odds': [3.1, 3.23, 2.14]}]
-- Competition: {'sport': 'football', 'competition': 'ligue2'} --
Cannot crawl winamax: Traceback (most recent call last):
  File "C:\Users\marcd\anaconda3\envs\pythonProject\main.py", line 20, in <module>
    bookmakers['winamax'] = Winamax.get_games(competition)
  File "C:\Users\marcd\anaconda3\envs\pythonProject\Winamax.py", line 53, in get_games
    bet_id = json['matches'][game]['mainBetId']
KeyError: 'mainBetId'

Cannot crawl Parions-sport: Traceback (most recent call last):
  File "C:\Users\marcd\anaconda3\envs\pythonProject\main.py", line 25, in <module>
    bookmakers['Parions-sport'] = PS.get_games(competition)
  File "C:\Users\marcd\anaconda3\envs\pythonProject\PS.py", line 46, in get_games
    team2 = "".join(names[1].text.split())
IndexError: list index out of range

Pmu: [{'team1': 'OsasunaPampelune', 'team2': 'Gerone', 'odds': [2.85, 3.2, 2.4]}, {'team1': 'BetisSeville', 'team2': 'Majorque', 'odds': [1.8, 3.3, 4.6]}, {'team1': 'CeltaVigo', 'team2': 'FCSeville', 'odds': [2.3, 3.3, 3.0]}, {'team1': 'RealSociedad', 'team2': 'Barcelone', 'odds': [3.2, 3.4, 2.15]}, {'team1': 'Alaves', 'team2': 'Almeria', 'odds': [1.76, 3.5, 4.6]}, {'team1': 'Valence', 'team2': 'Grenade', 'odds': [1.56, 4.0, 5.6]}, {'team1': 'Villarreal', 'team2': 'AthleticBilbao', 'odds': [2.95, 3.4, 2.25]}, {'team1': 'RealMadrid', 'team2': 'RayoVallecano', 'odds': [1.22, 6.0, 11.0]}, {'team1': 'Getafe', 'team2': 'Cadiz', 'odds': [1.85, 3.05, 4.6]}, {'team1': 'AthleticBilbao', 'team2': 'CeltaVigo', 'odds': [1.52, 3.9, 5.9]}, {'team1': 'RayoVallecano', 'team2': 'Gerone', 'odds': [2.5, 3.3, 2.55]}, {'team1': 'Almeria', 'team2': 'RealSociedad', 'odds': [4.0, 3.6, 1.78]}, {'team1': 'Grenade', 'team2': 'Getafe', 'odds': [2.4, 2.9, 3.0]}, {'team1': 'OsasunaPampelune', 'team2': 'LasPalmas', 'odds': [1.76, 3.35, 4.5]}, {'team1': 'RealMadrid', 'team2': 'Valence', 'odds': [1.28, 4.9, 8.5]}, {'team1': 'Majorque', 'team2': 'Cadiz', 'odds': [1.72, 3.2, 5.1]}, {'team1': 'Barcelone', 'team2': 'Alaves', 'odds': [1.15, 6.75, 14.0]}, {'team1': 'FCSeville', 'team2': 'BetisSeville', 'odds': [1.9, 3.3, 3.8]}, {'team1': 'AtleticoMadrid', 'team2': 'Villarreal', 'odds': [1.52, 4.1, 5.3]}]
Betclic: [{'team1': 'Osasuna', 'team2': 'Girona', 'odds': [2.81, 3.25, 2.39]}, {'team1': 'Betis', 'team2': 'Majorque', 'odds': [1.79, 3.38, 4.43]}, {'team1': 'CeltaVigo', 'team2': 'Séville', 'odds': [2.28, 3.4, 2.87]}, {'team1': 'RealSociedad', 'team2': 'Barcelone', 'odds': [3.25, 3.45, 2.05]}, {'team1': 'Alaves', 'team2': 'Almeria', 'odds': [1.66, 3.68, 4.43]}, {'team1': 'Valence', 'team2': 'Grenade', 'odds': [1.52, 3.95, 5.25]}, {'team1': 'Villarreal', 'team2': 'AthleticBilbao', 'odds': [2.88, 3.43, 2.17]}, {'team1': 'RealMadrid', 'team2': 'RayoVallecano', 'odds': [1.2, 6.2, 9.5]}, {'team1': 'Getafe', 'team2': 'Cadix', 'odds': [1.85, 3.08, 4.25]}, {'team1': 'AthleticBilbao', 'team2': 'CeltaVigo', 'odds': [1.54, 3.65, 5.15]}, {'team1': 'RayoVallecano', 'team2': 'Girona', 'odds': [2.45, 3.15, 2.41]}, {'team1': 'Almeria', 'team2': 'RealSociedad', 'odds': [3.58, 3.42, 1.76]}, {'team1': 'Osasuna', 'team2': 'LasPalmas', 'odds': [1.75, 3.15, 3.98]}, {'team1': 'Grenade', 'team2': 'Getafe', 'odds': [2.32, 2.91, 2.74]}, {'team1': 'RealMadrid', 'team2': 'Valence', 'odds': [1.3, 4.45, 6.75]}, {'team1': 'Majorque', 'team2': 'Cadix', 'odds': [1.7, 3.05, 4.45]}, {'team1': 'Barcelone', 'team2': 'Alaves', 'odds': [1.17, 5.7, 9.7]}, {'team1': 'Séville', 'team2': 'Betis', 'odds': [1.88, 3.2, 3.38]}, {'team1': 'AtleticoMadrid', 'team2': 'Villarreal', 'odds': [1.49, 3.88, 4.72]}]
-- Competition: {'sport': 'football', 'competition': 'liga'} --
winamax: [{'team1': 'Manchester City', 'team2': 'Bournemouth', 'odds': [1.06, 12.5, 25]}, {'team1': 'Mayence', 'team2': 'RB Leipzig', 'odds': [4.9, 4.25, 1.6]}, {'team1': 'Albacete', 'team2': 'Elche', 'odds': [2.1, 3, 3.05]}, {'team1': 'Alcorcon', 'team2': 'Racing Santander', 'odds': [2.05, 3, 3]}, {'team1': 'SD Amorebieta', 'team2': 'Huesca', 'odds': [2.2, 2.8, 2.95]}, {'team1': 'FC Cartagena', 'team2': 'Leganes', 'odds': [2.5, 2.85, 2.5]}, {'team1': 'Levante', 'team2': 'Mirandes', 'odds': [1.72, 3.25, 4]}, {'team1': 'Racing Ferrol', 'team2': 'FC Andorra', 'odds': [2.15, 2.85, 3]}, {'team1': 'Club Deportivo Eldense', 'team2': 'Burgos CF', 'odds': [2.15, 2.85, 2.95]}, {'team1': 'Real Saragosse', 'team2': 'Real Oviedo', 'odds': [2.2, 2.7, 3.05]}, {'team1': 'Villarreal CF B', 'team2': 'Gijon', 'odds': [2.65, 3.05, 2.3]}, {'team1': 'Real Valladolid', 'team2': 'Tenerife', 'odds': [1.86, 3, 3.75]}]
Parions-sport: [{'team1': 'VillarrealB', 'team2': 'Gijon', 'odds': [2.8, 3.15, 2.0]}, {'team1': 'Levante', 'team2': 'Mirandes', 'odds': [1.56, 3.4, 4.2]}, {'team1': 'Valladolid', 'team2': 'Tenerife', 'odds': [1.69, 3.1, 3.9]}, {'team1': 'Albacete', 'team2': 'Elche', 'odds': [1.87, 3.15, 3.15]}, {'team1': 'R.DeFerrol', 'team2': 'FCAndorra', 'odds': [2.1, 2.8, 2.95]}, {'team1': 'SDAmorebieta', 'team2': 'Huesca', 'odds': [1.98, 2.9, 3.1]}, {'team1': 'AdAlcorcon', 'team2': 'Santander', 'odds': [1.87, 3.15, 3.15]}, {'team1': 'Carthagène', 'team2': 'CDLeganes', 'odds': [2.2, 3.0, 2.65]}, {'team1': 'ClubEldense', 'team2': 'BurgosCF', 'odds': [1.95, 2.95, 3.1]}, {'team1': 'Saragosse', 'team2': 'RealOviedo', 'odds': [1.98, 2.85, 3.2]}]
Pmu: [{'team1': 'VillarrealB', 'team2': 'SportingGijon', 'odds': [2.6, 2.95, 2.2]}, {'team1': 'Levante', 'team2': 'Mirandes', 'odds': [1.64, 3.2, 4.0]}, {'team1': 'Valladolid', 'team2': 'Tenerife', 'odds': [1.76, 2.85, 4.0]}, {'team1': 'Albacete', 'team2': 'Elche', 'odds': [1.95, 2.8, 3.25]}, {'team1': 'RacingdeFerrol', 'team2': 'AndorraCF', 'odds': [2.1, 2.7, 3.05]}, {'team1': 'Amorebieta', 'team2': 'Huesca', 'odds': [2.2, 2.65, 2.85]}, {'team1': 'FCCartagena', 'team2': 'Leganes', 'odds': [2.55, 2.7, 2.4]}, {'team1': 'Alcorcon', 'team2': 'RacingSantander', 'odds': [1.95, 2.85, 3.1]}, {'team1': 'Eldense', 'team2': 'Burgos', 'odds': [2.15, 2.8, 2.85]}, {'team1': 'Saragosse', 'team2': 'Oviedo', 'odds': [2.15, 2.65, 2.95]}]
Betclic: [{'team1': 'VillarrealB', 'team2': 'SportingGijon', 'odds': [2.68, 3.03, 2.29]}, {'team1': 'Levante', 'team2': 'Mirandes', 'odds': [1.68, 3.33, 4.1]}, {'team1': 'RealValladolid', 'team2': 'Tenerife', 'odds': [1.84, 3.1, 3.65]}, {'team1': 'AlbaceteBalompie', 'team2': 'Elche', 'odds': [2.02, 3.1, 3.12]}, {'team1': 'RacingFerrol', 'team2': 'FCAndorra', 'odds': [2.11, 2.85, 2.99]}, {'team1': 'Amorebieta', 'team2': 'Huesca', 'odds': [2.16, 2.88, 2.85]}, {'team1': 'Carthagène', 'team2': 'Leganes', 'odds': [2.45, 2.89, 2.47]}, {'team1': 'Alcorcon', 'team2': 'RacingSantander', 'odds': [2.03, 3.0, 3.0]}, {'team1': 'ClubDepEldense', 'team2': 'RealBurgos', 'odds': [2.11, 2.92, 2.91]}, {'team1': 'Saragosse', 'team2': 'RealOviedo', 'odds': [2.15, 2.74, 3.02]}]
-- Competition: {'sport': 'football', 'competition': 'liga2'} --
Cannot crawl winamax: Traceback (most recent call last):
  File "C:\Users\marcd\anaconda3\envs\pythonProject\main.py", line 20, in <module>
    bookmakers['winamax'] = Winamax.get_games(competition)
  File "C:\Users\marcd\anaconda3\envs\pythonProject\Winamax.py", line 53, in get_games
    bet_id = json['matches'][game]['mainBetId']
KeyError: 'mainBetId'

Cannot crawl Parions-sport: Traceback (most recent call last):
  File "C:\Users\marcd\anaconda3\envs\pythonProject\main.py", line 25, in <module>
    bookmakers['Parions-sport'] = PS.get_games(competition)
  File "C:\Users\marcd\anaconda3\envs\pythonProject\PS.py", line 46, in get_games
    team2 = "".join(names[1].text.split())
IndexError: list index out of range

Pmu: [{'team1': 'Cologne', 'team2': 'Augsburg', 'odds': [2.0, 3.6, 3.3]}, {'team1': 'Fribourg', 'team2': 'Mgladbach', 'odds': [2.0, 3.7, 3.3]}, {'team1': 'Hoffenheim', 'team2': 'Leverkusen', 'odds': [5.0, 4.7, 1.52]}, {'team1': 'FCUnionBerlin', 'team2': 'EintrachtFrancfort', 'odds': [2.4, 3.1, 3.0]}, {'team1': 'FSVMayence05', 'team2': 'RBLeipzig', 'odds': [4.6, 4.0, 1.66]}, {'team1': 'Dortmund', 'team2': 'BayernMunich', 'odds': [3.6, 4.3, 1.8]}, {'team1': 'Wolfsbourg', 'team2': 'WerderBreme', 'odds': [1.68, 4.1, 4.2]}, {'team1': 'FCHeidenheim', 'team2': 'Stuttgart', 'odds': [4.6, 4.3, 1.62]}, {'team1': 'Mgladbach', 'team2': 'Wolfsbourg', 'odds': [2.25, 3.6, 2.7]}, {'team1': 'Stuttgart', 'team2': 'Dortmund', 'odds': [2.55, 3.6, 2.35]}, {'team1': 'SVDarmstadt', 'team2': 'FSVMayence05', 'odds': [2.7, 3.4, 2.35]}, {'team1': 'BayernMunich', 'team2': 'FCHeidenheim', 'odds': [1.04, 13.0, 28.0]}, {'team1': 'Augsburg', 'team2': 'Hoffenheim', 'odds': [2.45, 3.45, 2.55]}, {'team1': 'Bochum', 'team2': 'Cologne', 'odds': [2.25, 3.35, 2.85]}, {'team1': 'Leverkusen', 'team2': 'FCUnionBerlin', 'odds': [1.24, 5.5, 9.5]}, {'team1': 'WerderBreme', 'team2': 'EintrachtFrancfort', 'odds': [2.6, 3.3, 2.5]}, {'team1': 'RBLeipzig', 'team2': 'Fribourg', 'odds': [1.42, 4.5, 6.25]}]
Betclic: [{'team1': 'Mayence', 'team2': 'RBLeipzig', 'odds': [4.8, 4.15, 1.58]}, {'team1': 'Hoffenheim', 'team2': 'B.Leverkusen', 'odds': [5.0, 4.75, 1.5]}, {'team1': 'UnionBerlin', 'team2': 'Francfort', 'odds': [2.47, 3.1, 2.84]}, {'team1': 'Fribourg', 'team2': "B.M'gladbach", 'odds': [2.01, 3.72, 3.2]}, {'team1': 'Cologne', 'team2': 'Augsbourg', 'odds': [2.02, 3.67, 3.18]}, {'team1': 'Dortmund', 'team2': 'BayernMunich', 'odds': [3.5, 4.25, 1.8]}, {'team1': 'Wolfsburg', 'team2': 'WerderBrême', 'odds': [1.62, 4.18, 4.1]}, {'team1': 'Heidenheim', 'team2': 'Stuttgart', 'odds': [4.17, 4.3, 1.59]}, {'team1': "B.M'gladbach", 'team2': 'Wolfsburg', 'odds': [2.32, 3.48, 2.48]}, {'team1': 'Augsbourg', 'team2': 'Hoffenheim', 'odds': [2.38, 3.32, 2.39]}, {'team1': 'BayernMunich', 'team2': 'Heidenheim', 'odds': [1.04, 12.75, 16.5]}, {'team1': 'Stuttgart', 'team2': 'Dortmund', 'odds': [2.41, 3.48, 2.28]}, {'team1': 'Darmstadt', 'team2': 'Mayence', 'odds': [2.5, 3.3, 2.29]}, {'team1': 'Bochum', 'team2': 'Cologne', 'odds': [2.19, 3.27, 2.65]}, {'team1': 'B.Leverkusen', 'team2': 'UnionBerlin', 'odds': [1.26, 4.73, 7.55]}, {'team1': 'WerderBrême', 'team2': 'Francfort', 'odds': [2.54, 3.18, 2.31]}, {'team1': 'RBLeipzig', 'team2': 'Fribourg', 'odds': [1.4, 4.2, 5.35]}]
-- Competition: {'sport': 'football', 'competition': 'bundesliga'} --
winamax: [{'team1': 'Manchester City', 'team2': 'Bournemouth', 'odds': [1.06, 12.5, 25]}, {'team1': 'Mayence', 'team2': 'RB Leipzig', 'odds': [4.9, 4.25, 1.6]}, {'team1': 'Hambourg', 'team2': 'Magdebourg', 'odds': [1.48, 4.3, 4.4]}, {'team1': 'Karlsruhe', 'team2': 'Paderborn', 'odds': [1.98, 3.35, 2.95]}, {'team1': 'Kaiserslautern', 'team2': 'Greuther Furth', 'odds': [3.75, 3.4, 1.58]}, {'team1': 'Hanovre 96', 'team2': 'Eintracht Brunswick', 'odds': [1.5, 3.85, 4.6]}, {'team1': 'Hansa Rostock', 'team2': 'Hertha Berlin', 'odds': [2.65, 3.3, 2.15]}, {'team1': 'Nuremberg', 'team2': 'Schalke 04', 'odds': [1.96, 2.9, 2.85]}, {'team1': 'VfL Osnabrück', 'team2': 'Holstein Kiel', 'odds': [2.55, 2.9, 2.1]}, {'team1': 'Schalke 04', 'team2': 'SpVgg Elversberg 07', 'odds': [1.9, 3.35, 2.9]}, {'team1': 'Hertha Berlin', 'team2': 'Karlsruhe', 'odds': [1.92, 3.3, 2.9]}, {'team1': 'St. Pauli', 'team2': 'Hanovre 96', 'odds': [1.58, 3.4, 4.1]}, {'team1': 'Paderborn', 'team2': 'Nuremberg', 'odds': [1.96, 3.25, 2.85]}, {'team1': 'Holstein Kiel', 'team2': 'Hambourg', 'odds': [2.7, 3.35, 2]}, {'team1': 'Magdebourg', 'team2': 'Hansa Rostock', 'odds': [1.72, 3.4, 3.4]}, {'team1': 'Greuther Furth', 'team2': 'Fortuna Dusseldorf', 'odds': [2.25, 3.15, 2.4]}, {'team1': 'Eintracht Brunswick', 'team2': 'VfL Osnabrück', 'odds': [2.05, 3.1, 2.8]}, {'team1': 'SV Wehen Wiesbaden', 'team2': 'Kaiserslautern', 'odds': [2.4, 3.2, 2.25]}]
Parions-sport: [{'team1': 'Kaiserslautern', 'team2': 'GreutherFurth', 'odds': [2.05, 2.9, 2.75]}, {'team1': 'Osnabrück', 'team2': 'HolsteinKiel', 'odds': [2.55, 2.8, 2.25]}, {'team1': 'Nuremberg', 'team2': 'Schalke04', 'odds': [2.05, 2.9, 2.7]}, {'team1': 'Hambourg', 'team2': 'FCMagdeburg', 'odds': [1.38, 4.55, 4.6]}, {'team1': 'Karlsruhe', 'team2': 'Paderborn', 'odds': [1.81, 3.5, 3.1]}, {'team1': 'HansaRostock', 'team2': 'HerthaBerlin', 'odds': [2.75, 3.45, 1.96]}, {'team1': 'Hanovre', 'team2': 'Braunschweig', 'odds': [1.4, 4.1, 4.95]}]
Pmu: [{'team1': 'Nuremberg', 'team2': 'Schalke04', 'odds': [2.0, 2.8, 2.75]}, {'team1': 'Kaiserslautern', 'team2': 'GreutherFurth', 'odds': [3.8, 3.3, 1.56]}, {'team1': 'VfLOsnabruck', 'team2': 'HolsteinKiel', 'odds': [2.5, 2.75, 2.2]}, {'team1': 'HamburgerSV', 'team2': 'FCMagdeburg', 'odds': [1.4, 4.4, 4.4]}, {'team1': 'Hanovre', 'team2': 'Braunschweig', 'odds': [1.4, 3.8, 4.9]}, {'team1': 'HansaRostock', 'team2': 'HerthaBerlin', 'odds': [2.65, 3.25, 2.05]}, {'team1': 'Karlsruhe', 'team2': 'Paderborn', 'odds': [1.95, 3.35, 2.75]}, {'team1': 'StPauli', 'team2': 'Hanovre', 'odds': [1.5, 3.45, 4.2]}, {'team1': 'Schalke04', 'team2': 'Elversberg', 'odds': [1.8, 3.2, 3.0]}, {'team1': 'Paderborn', 'team2': 'Nuremberg', 'odds': [1.9, 3.1, 2.9]}, {'team1': 'Braunschweig', 'team2': 'VfLOsnabruck', 'odds': [2.0, 3.0, 2.7]}, {'team1': 'HolsteinKiel', 'team2': 'HamburgerSV', 'odds': [2.6, 3.2, 1.95]}, {'team1': 'HerthaBerlin', 'team2': 'Karlsruhe', 'odds': [1.85, 3.2, 2.9]}, {'team1': 'GreutherFurth', 'team2': 'FortunaDusseldorf', 'odds': [2.2, 3.05, 2.4]}, {'team1': 'FCMagdeburg', 'team2': 'HansaRostock', 'odds': [1.66, 3.3, 3.45]}, {'team1': 'WehenWiesbaden', 'team2': 'Kaiserslautern', 'odds': [2.35, 3.1, 2.2]}]
Betclic: [{'team1': 'Kaiserslautern', 'team2': 'GreutherFürth', 'odds': []}, {'team1': 'Nuremberg', 'team2': 'Schalke', 'odds': [2.05, 2.9, 2.9]}, {'team1': 'Osnabrück', 'team2': 'HolsteinKiel', 'odds': [2.72, 2.92, 2.17]}, {'team1': 'HamburgerSV', 'team2': 'Magdebourg', 'odds': [1.46, 4.18, 4.63]}, {'team1': 'Hanovre', 'team2': 'Braunschweig', 'odds': [1.48, 3.77, 4.52]}, {'team1': 'HansaRostock', 'team2': 'HerthaBerlin', 'odds': [2.62, 3.33, 2.09]}, {'team1': 'Karlsruhe', 'team2': 'Paderborn', 'odds': [1.94, 3.38, 2.86]}, {'team1': 'St.Pauli', 'team2': 'Hanovre', 'odds': [1.59, 3.43, 4.17]}, {'team1': 'Schalke', 'team2': 'Elversberg', 'odds': [1.91, 3.38, 2.94]}, {'team1': 'Paderborn', 'team2': 'Nuremberg', 'odds': [1.94, 3.22, 2.83]}, {'team1': 'HolsteinKiel', 'team2': 'HamburgerSV', 'odds': [2.74, 3.35, 2.01]}, {'team1': 'Braunschweig', 'team2': 'Osnabrück', 'odds': [2.06, 3.12, 2.83]}, {'team1': 'HerthaBerlin', 'team2': 'Karlsruhe', 'odds': [1.91, 3.27, 2.86]}, {'team1': 'Magdebourg', 'team2': 'HansaRostock', 'odds': [1.71, 3.37, 3.37]}, {'team1': 'GreutherFürth', 'team2': 'FortunaDusseldorf', 'odds': [2.25, 3.13, 2.4]}, {'team1': 'WehenWiesbaden', 'team2': 'Kaiserslautern', 'odds': [2.39, 3.15, 2.26]}]
-- Competition: {'sport': 'football', 'competition': 'bundesliga2'} --
winamax: [{'team1': 'Manchester City', 'team2': 'Bournemouth', 'odds': [1.06, 12.5, 25]}, {'team1': 'Mayence', 'team2': 'RB Leipzig', 'odds': [4.9, 4.25, 1.6]}, {'team1': 'Brentford', 'team2': 'West Ham', 'odds': [1.98, 3.65, 3.5]}, {'team1': 'Burnley', 'team2': 'Crystal Palace', 'odds': [3.1, 3.1, 2.35]}, {'team1': 'Everton', 'team2': 'Brighton', 'odds': [2.75, 3.55, 2.35]}, {'team1': 'Fulham', 'team2': 'Manchester United', 'odds': [2.95, 3.45, 2.25]}, {'team1': 'Luton Town', 'team2': 'Liverpool', 'odds': [11.5, 7, 1.19]}, {'team1': 'Newcastle', 'team2': 'Arsenal', 'odds': [2.8, 3.25, 2.55]}, {'team1': 'Nottingham Forest', 'team2': 'Aston Villa', 'odds': [4, 3.65, 1.84]}, {'team1': 'Sheffield United', 'team2': 'Wolverhampton', 'odds': [3.8, 3.65, 1.9]}, {'team1': 'Tottenham', 'team2': 'Chelsea', 'odds': [2.05, 3.7, 3.2]}, {'team1': 'Aston Villa', 'team2': 'Fulham', 'odds': [1.56, 4, 5]}, {'team1': 'Brighton', 'team2': 'Sheffield United', 'odds': [1.18, 6.5, 11.5]}, {'team1': 'Chelsea', 'team2': 'Manchester City', 'odds': [4.5, 3.7, 1.68]}, {'team1': 'Crystal Palace', 'team2': 'Everton', 'odds': [2.4, 3.1, 2.85]}, {'team1': 'Liverpool', 'team2': 'Brentford', 'odds': [1.42, 4.7, 5.9]}, {'team1': 'Manchester United', 'team2': 'Luton Town', 'odds': [1.22, 6, 10]}, {'team1': 'West Ham', 'team2': 'Nottingham Forest', 'odds': [1.74, 3.65, 4.2]}, {'team1': 'Wolverhampton', 'team2': 'Tottenham', 'odds': [4.2, 3.85, 1.7]}, {'team1': 'Bournemouth', 'team2': 'Newcastle', 'odds': [4.4, 3.95, 1.64]}, {'team1': 'Arsenal', 'team2': 'Burnley', 'odds': [1.15, 7, 13]}, {'team1': None, 'team2': None, 'odds': [1.9, 9, 1.82]}]
Cannot crawl Parions-sport: Traceback (most recent call last):
  File "C:\Users\marcd\anaconda3\envs\pythonProject\main.py", line 25, in <module>
    bookmakers['Parions-sport'] = PS.get_games(competition)
  File "C:\Users\marcd\anaconda3\envs\pythonProject\PS.py", line 46, in get_games
    team2 = "".join(names[1].text.split())
IndexError: list index out of range

Cannot crawl Pmu: Traceback (most recent call last):
  File "C:\Users\marcd\anaconda3\envs\pythonProject\main.py", line 30, in <module>
    bookmakers['Pmu'] = Pmu.get_games(competition)
  File "C:\Users\marcd\anaconda3\envs\pythonProject\Pmu.py", line 40, in get_games
    html = get_page(competition)
  File "C:\Users\marcd\anaconda3\envs\pythonProject\Pmu.py", line 35, in get_page
    response = requests.get(url, headers={"User-agent": "Mozilla/5.0 (Windows NT 10.0; Win64; x64) AppleWebKit/537.36 (KHTML, like Gecko) Chrome/117.0.0.0 Safari/537.36"})
  File "C:\Users\marcd\PycharmProjects\Bet_bot\Arbitragae\lib\site-packages\requests\api.py", line 73, in get
    return request("get", url, params=params, **kwargs)
  File "C:\Users\marcd\PycharmProjects\Bet_bot\Arbitragae\lib\site-packages\requests\api.py", line 59, in request
    return session.request(method=method, url=url, **kwargs)
  File "C:\Users\marcd\PycharmProjects\Bet_bot\Arbitragae\lib\site-packages\requests\sessions.py", line 589, in request
    resp = self.send(prep, **send_kwargs)
  File "C:\Users\marcd\PycharmProjects\Bet_bot\Arbitragae\lib\site-packages\requests\sessions.py", line 703, in send
    r = adapter.send(request, **kwargs)
  File "C:\Users\marcd\PycharmProjects\Bet_bot\Arbitragae\lib\site-packages\requests\adapters.py", line 486, in send
    resp = conn.urlopen(
  File "C:\Users\marcd\PycharmProjects\Bet_bot\Arbitragae\lib\site-packages\urllib3\connectionpool.py", line 790, in urlopen
    response = self._make_request(
  File "C:\Users\marcd\PycharmProjects\Bet_bot\Arbitragae\lib\site-packages\urllib3\connectionpool.py", line 536, in _make_request
    response = conn.getresponse()
  File "C:\Users\marcd\PycharmProjects\Bet_bot\Arbitragae\lib\site-packages\urllib3\connection.py", line 461, in getresponse
    httplib_response = super().getresponse()
  File "C:\Program Files\WindowsApps\PythonSoftwareFoundation.Python.3.10_3.10.1264.0_x64__qbz5n2kfra8p0\lib\http\client.py", line 1374, in getresponse
    response.begin()
  File "C:\Program Files\WindowsApps\PythonSoftwareFoundation.Python.3.10_3.10.1264.0_x64__qbz5n2kfra8p0\lib\http\client.py", line 318, in begin
    version, status, reason = self._read_status()
  File "C:\Program Files\WindowsApps\PythonSoftwareFoundation.Python.3.10_3.10.1264.0_x64__qbz5n2kfra8p0\lib\http\client.py", line 279, in _read_status
    line = str(self.fp.readline(_MAXLINE + 1), "iso-8859-1")
  File "C:\Program Files\WindowsApps\PythonSoftwareFoundation.Python.3.10_3.10.1264.0_x64__qbz5n2kfra8p0\lib\socket.py", line 705, in readinto
    return self._sock.recv_into(b)
  File "C:\Program Files\WindowsApps\PythonSoftwareFoundation.Python.3.10_3.10.1264.0_x64__qbz5n2kfra8p0\lib\ssl.py", line 1273, in recv_into
    return self.read(nbytes, buffer)
  File "C:\Program Files\WindowsApps\PythonSoftwareFoundation.Python.3.10_3.10.1264.0_x64__qbz5n2kfra8p0\lib\ssl.py", line 1129, in read
    return self._sslobj.read(len, buffer)
KeyboardInterrupt

Betclic: [{'team1': 'Fulham', 'team2': 'ManchesterUtd', 'odds': [2.74, 3.48, 2.23]}, {'team1': 'ManchesterCity', 'team2': 'Bournemouth', 'odds': [1.06, 10.5, 24.5]}, {'team1': 'Everton', 'team2': 'Brighton', 'odds': [2.74, 3.53, 2.31]}, {'team1': 'SheffieldUtd', 'team2': 'Wolverhampton', 'odds': [3.7, 3.6, 1.88]}, {'team1': 'Brentford', 'team2': 'WestHam', 'odds': [1.96, 3.6, 3.42]}, {'team1': 'Burnley', 'team2': 'CrystalPalace', 'odds': [3.05, 3.13, 2.31]}, {'team1': 'Newcastle', 'team2': 'Arsenal', 'odds': [2.73, 3.25, 2.47]}, {'team1': 'NottinghamForest', 'team2': 'AstonVilla', 'odds': [3.68, 3.68, 1.8]}, {'team1': 'Luton', 'team2': 'Liverpool', 'odds': [9.9, 6.6, 1.18]}, {'team1': 'Tottenham', 'team2': 'Chelsea', 'odds': [2.0, 3.65, 3.07]}, {'team1': 'Wolverhampton', 'team2': 'Tottenham', 'odds': [4.05, 3.47, 1.65]}, {'team1': 'Arsenal', 'team2': 'Burnley', 'odds': [1.16, 6.05, 10.25]}, {'team1': 'CrystalPalace', 'team2': 'Everton', 'odds': [2.28, 2.98, 2.73]}, {'team1': 'ManchesterUtd', 'team2': 'Luton', 'odds': [1.22, 5.2, 8.15]}, {'team1': 'Bournemouth', 'team2': 'Newcastle', 'odds': [4.05, 3.6, 1.63]}, {'team1': 'AstonVilla', 'team2': 'Fulham', 'odds': [1.53, 3.72, 4.62]}, {'team1': 'Brighton', 'team2': 'SheffieldUtd', 'odds': [1.17, 5.95, 9.45]}, {'team1': 'Liverpool', 'team2': 'Brentford', 'odds': [1.38, 4.33, 5.4]}, {'team1': 'WestHam', 'team2': 'NottinghamForest', 'odds': [1.75, 3.32, 3.75]}, {'team1': 'Chelsea', 'team2': 'ManchesterCity', 'odds': [4.0, 3.3, 1.7]}]
-- Competition: {'sport': 'football', 'competition': 'premier-league'} --
winamax: [{'team1': 'Manchester City', 'team2': 'Bournemouth', 'odds': [1.06, 12.5, 25]}, {'team1': 'Mayence', 'team2': 'RB Leipzig', 'odds': [4.9, 4.25, 1.6]}, {'team1': 'Birmingham', 'team2': 'Ipswich', 'odds': [3.45, 3.4, 1.8]}, {'team1': 'Bristol City', 'team2': 'Sheffield Wednesday', 'odds': [2.05, 3, 3.05]}, {'team1': 'Huddersfield', 'team2': 'Watford', 'odds': [3, 3.1, 2.05]}, {'team1': 'Millwall', 'team2': 'Southampton', 'odds': [3.2, 3.25, 1.94]}, {'team1': 'Norwich', 'team2': 'Blackburn', 'odds': [2, 3.35, 2.9]}, {'team1': 'Plymouth Argyle', 'team2': 'Middlesbrough', 'odds': [3.55, 3.5, 1.76]}, {'team1': 'Preston North End', 'team2': 'Coventry City', 'odds': [2.6, 2.95, 2.4]}, {'team1': 'Rotherham', 'team2': 'Queens Park Rangers', 'odds': [2.55, 3, 2.45]}, {'team1': 'Stoke City', 'team2': 'Cardiff', 'odds': [2, 3, 3.3]}, {'team1': 'Swansea', 'team2': 'Sunderland', 'odds': [2.6, 3.2, 2.25]}, {'team1': 'West Bromwich', 'team2': 'Hull City', 'odds': [1.82, 3.15, 3.7]}, {'team1': 'Blackburn', 'team2': 'Preston North End', 'odds': [1.84, 3.25, 3.2]}, {'team1': 'Cardiff', 'team2': 'Norwich', 'odds': [2.35, 3.05, 2.4]}, {'team1': 'Coventry City', 'team2': 'Stoke City', 'odds': [2.15, 3, 2.65]}, {'team1': 'Hull City', 'team2': 'Huddersfield', 'odds': [1.72, 3.5, 3.35]}, {'team1': 'Ipswich', 'team2': 'Swansea', 'odds': [1.54, 3.45, 4.3]}, {'team1': 'Leeds', 'team2': 'Plymouth Argyle', 'odds': [1.31, 4.3, 5.9]}, {'team1': 'Middlesbrough', 'team2': 'Leicester', 'odds': [3.1, 3.2, 1.88]}, {'team1': 'Queens Park Rangers', 'team2': 'Bristol City', 'odds': [2.45, 3, 2.35]}, {'team1': 'Sheffield Wednesday', 'team2': 'Millwall', 'odds': [2.4, 2.9, 2.45]}, {'team1': 'Southampton', 'team2': 'West Bromwich', 'odds': [1.72, 3.3, 3.55]}, {'team1': 'Sunderland', 'team2': 'Birmingham', 'odds': [1.72, 3.3, 3.5]}, {'team1': 'Watford', 'team2': 'Rotherham', 'odds': [1.4, 3.7, 5.4]}, {'team1': 'Rotherham', 'team2': 'Ipswich', 'odds': [5, 3.8, 1.44]}]
Parions-sport: [{'team1': 'Huddersfield', 'team2': 'Watford', 'odds': [3.15, 3.2, 1.89]}, {'team1': 'Plymouth', 'team2': 'Middlesbrough', 'odds': [3.7, 3.65, 1.62]}, {'team1': 'Millwall', 'team2': 'Southampton', 'odds': [3.35, 3.4, 1.77]}, {'team1': 'Birmingham', 'team2': 'Ipswich', 'odds': [3.6, 3.55, 1.66]}, {'team1': 'Preston', 'team2': 'Coventry', 'odds': [2.7, 3.1, 2.15]}, {'team1': 'Rotherham', 'team2': 'QueensParkR.', 'odds': [2.65, 3.1, 2.2]}, {'team1': 'StokeCity', 'team2': 'Cardiff', 'odds': [1.83, 3.1, 3.45]}, {'team1': 'Swansea', 'team2': 'Sunderland', 'odds': [2.7, 3.3, 2.05]}, {'team1': 'WestBromwich', 'team2': 'HullCity', 'odds': [1.68, 3.25, 3.85]}, {'team1': 'BristolCity', 'team2': 'SheffieldWed.', 'odds': [1.9, 3.15, 3.2]}, {'team1': 'Norwich', 'team2': 'Blackburn', 'odds': [1.83, 3.5, 3.05]}, {'team1': 'Rotherham', 'team2': 'Ipswich', 'odds': [5.5, 4.1, 1.37]}]
